0 info it worked if it ends with ok
1 verbose cli [ 'c:\\Program Files\\nodejs\\node.exe',
1 verbose cli   'c:\\Program Files\\nodejs\\node_modules\\npm\\bin\\npm-cli.js',
1 verbose cli   'run',
1 verbose cli   'tape' ]
2 info using npm@3.3.6
3 info using node@v5.0.0
4 verbose run-script [ 'pretape', 'tape', 'posttape' ]
5 info lifecycle react-transform-bem@1.0.0~pretape: react-transform-bem@1.0.0
6 silly lifecycle react-transform-bem@1.0.0~pretape: no script for pretape, continuing
7 info lifecycle react-transform-bem@1.0.0~tape: react-transform-bem@1.0.0
8 verbose lifecycle react-transform-bem@1.0.0~tape: unsafe-perm in lifecycle true
9 verbose lifecycle react-transform-bem@1.0.0~tape: PATH: c:\Program Files\nodejs\node_modules\npm\bin\node-gyp-bin;Z:\Documents\GitHub\react-transform-bem\node_modules\.bin;c:\Users\jedma\bin;C:\Users\jedma\AppData\Local\GitHub\PortableGit_c2ba306e536fdf878271f7fe636a147ff37326ad\local\bin;C:\Users\jedma\AppData\Local\GitHub\PortableGit_c2ba306e536fdf878271f7fe636a147ff37326ad\mingw\bin;C:\Users\jedma\AppData\Local\GitHub\PortableGit_c2ba306e536fdf878271f7fe636a147ff37326ad\bin;C:\Users\jedma\AppData\Local\GitHub\PortableGit_c2ba306e536fdf878271f7fe636a147ff37326ad\cmd;C:\Users\jedma\AppData\Local\GitHub\PortableGit_c2ba306e536fdf878271f7fe636a147ff37326ad\bin;c:\Users\jedma\AppData\Local\Apps\2.0\YOBNJ8HR.Y6Q\DYOJNDKL.H6V\gith..tion_317444273a93ac29_0003.0000_12384c781d7f8ad4;c:\Users\jedma\AppData\Local\GitHub\lfs-amd64_1.0.2;c:\Program Files (x86)\MSBuild\12.0\bin;c:\Users\jedma\AppData\Local\Apps\2.0\YOBNJ8HR.Y6Q\DYOJNDKL.H6V\gith..tion_317444273a93ac29_0003.0000_12384c781d7f8ad4\NativeBinaries\x86;c:\Program Files (x86)\Python27\;c:\Program Files (x86)\Python27\Scripts;c:\Program Files (x86)\Common Files\Intel\Shared Files\cpp\bin\Intel64;c:\Windows\system32;c:\Windows;c:\Windows\System32\Wbem;c:\Windows\System32\WindowsPowerShell\v1.0\;c:\Program Files (x86)\Vagrant\bin;c:\Users\jedma\.dnx\bin;c:\Program Files\Microsoft DNX\Dnvm\;c:\Program Files\Microsoft SQL Server\120\Tools\Binn\;c:\Program Files (x86)\NVIDIA Corporation\PhysX\Common;c:\Program Files\Microsoft\Web Platform Installer\;c:\Program Files\Microsoft SQL Server\110\Tools\Binn\;c:\Program Files (x86)\Microsoft SDKs\TypeScript\1.6\;c:\Program Files\TortoiseGit\bin;c:\Program Files (x86)\Skype\Phone\;c:\Program Files (x86)\Windows Kits\10\Windows Performance Toolkit\;c:\Program Files\nodejs\;z:\Documents\Run;C:\Users\jedma\AppData\Local\GitHub\PortableGit_c2ba306e536fdf878271f7fe636a147ff37326ad\bin;c:\Program Files (x86)\Microsoft VS Code\bin;c:\Users\jedma\AppData\Roaming\npm
10 verbose lifecycle react-transform-bem@1.0.0~tape: CWD: Z:\Documents\GitHub\react-transform-bem
11 silly lifecycle react-transform-bem@1.0.0~tape: Args: [ '/d /s /c', 'babel-tape-runner test/*.js' ]
12 silly lifecycle react-transform-bem@1.0.0~tape: Returned: code: 1  signal: null
13 info lifecycle react-transform-bem@1.0.0~tape: Failed to exec tape script
14 verbose stack Error: react-transform-bem@1.0.0 tape: `babel-tape-runner test/*.js`
14 verbose stack Exit status 1
14 verbose stack     at EventEmitter.<anonymous> (c:\Program Files\nodejs\node_modules\npm\lib\utils\lifecycle.js:233:16)
14 verbose stack     at emitTwo (events.js:87:13)
14 verbose stack     at EventEmitter.emit (events.js:172:7)
14 verbose stack     at ChildProcess.<anonymous> (c:\Program Files\nodejs\node_modules\npm\lib\utils\spawn.js:24:14)
14 verbose stack     at emitTwo (events.js:87:13)
14 verbose stack     at ChildProcess.emit (events.js:172:7)
14 verbose stack     at maybeClose (internal/child_process.js:818:16)
14 verbose stack     at Process.ChildProcess._handle.onexit (internal/child_process.js:211:5)
15 verbose pkgid react-transform-bem@1.0.0
16 verbose cwd Z:\Documents\GitHub\react-transform-bem
17 error Windows_NT 10.0.10240
18 error argv "c:\\Program Files\\nodejs\\node.exe" "c:\\Program Files\\nodejs\\node_modules\\npm\\bin\\npm-cli.js" "run" "tape"
19 error node v5.0.0
20 error npm  v3.3.6
21 error code ELIFECYCLE
22 error react-transform-bem@1.0.0 tape: `babel-tape-runner test/*.js`
22 error Exit status 1
23 error Failed at the react-transform-bem@1.0.0 tape script 'babel-tape-runner test/*.js'.
23 error This is most likely a problem with the react-transform-bem package,
23 error not with npm itself.
23 error Tell the author that this fails on your system:
23 error     babel-tape-runner test/*.js
23 error You can get their info via:
23 error     npm owner ls react-transform-bem
23 error There is likely additional logging output above.
24 verbose exit [ 1, true ]
